0 info it worked if it ends with ok
1 verbose cli [ '/usr/local/bin/node',
1 verbose cli   '/usr/local/bin/npm',
1 verbose cli   'run',
1 verbose cli   'build-css' ]
2 info using npm@3.10.3
3 info using node@v6.6.0
4 verbose run-script [ 'prebuild-css', 'build-css', 'postbuild-css' ]
5 info lifecycle revenue-calulator@1.0.0~prebuild-css: revenue-calulator@1.0.0
6 silly lifecycle revenue-calulator@1.0.0~prebuild-css: no script for prebuild-css, continuing
7 info lifecycle revenue-calulator@1.0.0~build-css: revenue-calulator@1.0.0
8 verbose lifecycle revenue-calulator@1.0.0~build-css: unsafe-perm in lifecycle true
9 verbose lifecycle revenue-calulator@1.0.0~build-css: PATH: /usr/local/lib/node_modules/npm/bin/node-gyp-bin:/Users/simonbowler/Documents/js/revenue-calulator/node_modules/.bin:/usr/local/bin:/usr/local/bin:/usr/bin:/bin:/usr/sbin:/sbin
10 verbose lifecycle revenue-calulator@1.0.0~build-css: CWD: /Users/simonbowler/Documents/js/revenue-calulator
11 silly lifecycle revenue-calulator@1.0.0~build-css: Args: [ '-c', 'postcss -c postcss.json' ]
12 info lifecycle revenue-calulator@1.0.0~build-css: Failed to exec build-css script
13 verbose stack Error: revenue-calulator@1.0.0 build-css: `postcss -c postcss.json`
13 verbose stack spawn ENOENT
13 verbose stack     at ChildProcess.<anonymous> (/usr/local/lib/node_modules/npm/lib/utils/spawn.js:33:16)
13 verbose stack     at emitTwo (events.js:106:13)
13 verbose stack     at ChildProcess.emit (events.js:191:7)
13 verbose stack     at maybeClose (internal/child_process.js:877:16)
13 verbose stack     at Process.ChildProcess._handle.onexit (internal/child_process.js:226:5)
14 verbose pkgid revenue-calulator@1.0.0
15 verbose cwd /Users/simonbowler/Documents/js/revenue-calulator
16 error Darwin 15.3.0
17 error argv "/usr/local/bin/node" "/usr/local/bin/npm" "run" "build-css"
18 error node v6.6.0
19 error npm  v3.10.3
20 error file sh
21 error code ELIFECYCLE
22 error errno ENOENT
23 error syscall spawn
24 error revenue-calulator@1.0.0 build-css: `postcss -c postcss.json`
24 error spawn ENOENT
25 error Failed at the revenue-calulator@1.0.0 build-css script 'postcss -c postcss.json'.
25 error Make sure you have the latest version of node.js and npm installed.
25 error If you do, this is most likely a problem with the revenue-calulator package,
25 error not with npm itself.
25 error Tell the author that this fails on your system:
25 error     postcss -c postcss.json
25 error You can get information on how to open an issue for this project with:
25 error     npm bugs revenue-calulator
25 error Or if that isn't available, you can get their info via:
25 error     npm owner ls revenue-calulator
25 error There is likely additional logging output above.
26 verbose exit [ 1, true ]
